<?xml version="1.0" encoding="utf-8"?>
<test-run id="0" testcasecount="15" total="15" passed="15" failed="0" inconclusive="0" skipped="0" asserts="15" result="Passed" portable-engine-version="3.3.0.0" start-time="2016-12-21 09:51:24Z" end-time="2016-12-21 09:51:24Z" duration="0.500624">
  <test-run id="0" testcasecount="15" total="15" passed="15" failed="0" inconclusive="0" skipped="0" asserts="15" result="Passed" portable-engine-version="3.3.0.0" start-time="2016-12-21 09:51:24Z" end-time="2016-12-21 09:51:24Z" duration="0.278665">
    <test-suite type="Assembly" id="1020" name="TextSimilarity.Tests, Version=1.0.0.0, Culture=neutral, PublicKeyToken=null" fullname="TextSimilarity.Tests, Version=1.0.0.0, Culture=neutral, PublicKeyToken=null" runstate="Runnable" testcasecount="15" result="Passed" start-time="2016-12-21 09:51:24Z" end-time="2016-12-21 09:51:24Z" duration="0.187047" total="15" passed="15" failed="0" inconclusive="0" skipped="0" asserts="15">
      <settings>
        <setting name="WorkDirectory" value="C:\PROJECTDATA\IFRAMEWORX\TextSimilarity\TextSimilarity.Tests" />
      </settings>
      <test-suite type="TestSuite" id="1021" name="TextSimilarity" fullname="TextSimilarity" runstate="Runnable" testcasecount="15" result="Passed" start-time="2016-12-21 09:51:24Z" end-time="2016-12-21 09:51:24Z" duration="0.178457" total="15" passed="15" failed="0" inconclusive="0" skipped="0" asserts="15">
        <test-suite type="TestSuite" id="1022" name="Tests" fullname="TextSimilarity.Tests" runstate="Runnable" testcasecount="15" result="Passed" start-time="2016-12-21 09:51:24Z" end-time="2016-12-21 09:51:24Z" duration="0.178221" total="15" passed="15" failed="0" inconclusive="0" skipped="0" asserts="15">
          <test-suite type="TestSuite" id="1023" name="Extensions" fullname="TextSimilarity.Tests.Extensions" runstate="Runnable" testcasecount="15" result="Passed" start-time="2016-12-21 09:51:24Z" end-time="2016-12-21 09:51:24Z" duration="0.178059" total="15" passed="15" failed="0" inconclusive="0" skipped="0" asserts="15">
            <test-suite type="TestSuite" id="1032" name="Jaccard" fullname="TextSimilarity.Tests.Extensions.Jaccard" runstate="Runnable" testcasecount="4" result="Passed" start-time="2016-12-21 09:51:24Z" end-time="2016-12-21 09:51:24Z" duration="0.130527" total="4" passed="4" failed="0" inconclusive="0" skipped="0" asserts="4">
              <test-suite type="TestSuite" id="1033" name="Set" fullname="TextSimilarity.Tests.Extensions.Jaccard.Set" runstate="Runnable" testcasecount="4" result="Passed" start-time="2016-12-21 09:51:24Z" end-time="2016-12-21 09:51:24Z" duration="0.130383" total="4" passed="4" failed="0" inconclusive="0" skipped="0" asserts="4">
                <test-suite type="TestFixture" id="1015" name="JaccardDistanceExtensionTests" fullname="TextSimilarity.Tests.Extensions.Jaccard.Set.JaccardDistanceExtensionTests" classname="TextSimilarity.Tests.Extensions.Jaccard.Set.JaccardDistanceExtensionTests" runstate="Runnable" testcasecount="4" result="Passed" start-time="2016-12-21 09:51:24Z" end-time="2016-12-21 09:51:24Z" duration="0.126153" total="4" passed="4" failed="0" inconclusive="0" skipped="0" asserts="4">
                  <test-case id="1019" name="GivenTwoDistinctStrings_WhenICalculateJaccardDistance_ThenIGetTheSimilarityIndex" fullname="TextSimilarity.Tests.Extensions.Jaccard.Set.JaccardDistanceExtensionTests.GivenTwoDistinctStrings_WhenICalculateJaccardDistance_ThenIGetTheSimilarityIndex" methodname="GivenTwoDistinctStrings_WhenICalculateJaccardDistance_ThenIGetTheSimilarityIndex" classname="TextSimilarity.Tests.Extensions.Jaccard.Set.JaccardDistanceExtensionTests" runstate="Runnable" seed="394020567" result="Passed" start-time="2016-12-21 09:51:24Z" end-time="2016-12-21 09:51:24Z" duration="0.056746" asserts="1" />
                  <test-case id="1018" name="GivenTwoDistinctStrings_WhenICalculateJaccardIndex_ThenIGetTheSimilarityIndex" fullname="TextSimilarity.Tests.Extensions.Jaccard.Set.JaccardDistanceExtensionTests.GivenTwoDistinctStrings_WhenICalculateJaccardIndex_ThenIGetTheSimilarityIndex" methodname="GivenTwoDistinctStrings_WhenICalculateJaccardIndex_ThenIGetTheSimilarityIndex" classname="TextSimilarity.Tests.Extensions.Jaccard.Set.JaccardDistanceExtensionTests" runstate="Runnable" seed="1931326738" result="Passed" start-time="2016-12-21 09:51:24Z" end-time="2016-12-21 09:51:24Z" duration="0.000327" asserts="1" />
                  <test-case id="1017" name="GivenTwoSimilarStrings_WhenICalculateJaccardDistance_ThenIGetTheSimilarityIndex" fullname="TextSimilarity.Tests.Extensions.Jaccard.Set.JaccardDistanceExtensionTests.GivenTwoSimilarStrings_WhenICalculateJaccardDistance_ThenIGetTheSimilarityIndex" methodname="GivenTwoSimilarStrings_WhenICalculateJaccardDistance_ThenIGetTheSimilarityIndex" classname="TextSimilarity.Tests.Extensions.Jaccard.Set.JaccardDistanceExtensionTests" runstate="Runnable" seed="994274439" result="Passed" start-time="2016-12-21 09:51:24Z" end-time="2016-12-21 09:51:24Z" duration="0.000382" asserts="1" />
                  <test-case id="1016" name="GivenTwoSimilarStrings_WhenICalculateJaccardIndex_ThenIGetTheSimilarityIndex" fullname="TextSimilarity.Tests.Extensions.Jaccard.Set.JaccardDistanceExtensionTests.GivenTwoSimilarStrings_WhenICalculateJaccardIndex_ThenIGetTheSimilarityIndex" methodname="GivenTwoSimilarStrings_WhenICalculateJaccardIndex_ThenIGetTheSimilarityIndex" classname="TextSimilarity.Tests.Extensions.Jaccard.Set.JaccardDistanceExtensionTests" runstate="Runnable" seed="1749312944" result="Passed" start-time="2016-12-21 09:51:24Z" end-time="2016-12-21 09:51:24Z" duration="0.000392" asserts="1" />
                </test-suite>
              </test-suite>
            </test-suite>
            <test-suite type="TestSuite" id="1030" name="Levenshtein" fullname="TextSimilarity.Tests.Extensions.Levenshtein" runstate="Runnable" testcasecount="2" result="Passed" start-time="2016-12-21 09:51:24Z" end-time="2016-12-21 09:51:24Z" duration="0.009247" total="2" passed="2" failed="0" inconclusive="0" skipped="0" asserts="2">
              <test-suite type="TestSuite" id="1031" name="String" fullname="TextSimilarity.Tests.Extensions.Levenshtein.String" runstate="Runnable" testcasecount="2" result="Passed" start-time="2016-12-21 09:51:24Z" end-time="2016-12-21 09:51:24Z" duration="0.009091" total="2" passed="2" failed="0" inconclusive="0" skipped="0" asserts="2">
                <test-suite type="TestFixture" id="1012" name="LevenshteinExtensionTests" fullname="TextSimilarity.Tests.Extensions.Levenshtein.String.LevenshteinExtensionTests" classname="TextSimilarity.Tests.Extensions.Levenshtein.String.LevenshteinExtensionTests" runstate="Runnable" testcasecount="2" result="Passed" start-time="2016-12-21 09:51:24Z" end-time="2016-12-21 09:51:24Z" duration="0.008819" total="2" passed="2" failed="0" inconclusive="0" skipped="0" asserts="2">
                  <test-case id="1014" name="GivenTwoSimilarStrings_WhenICalculateDamerauLevenshteinDistanceIndex_ThenIGetTheSimilarityIndex" fullname="TextSimilarity.Tests.Extensions.Levenshtein.String.LevenshteinExtensionTests.GivenTwoSimilarStrings_WhenICalculateDamerauLevenshteinDistanceIndex_ThenIGetTheSimilarityIndex" methodname="GivenTwoSimilarStrings_WhenICalculateDamerauLevenshteinDistanceIndex_ThenIGetTheSimilarityIndex" classname="TextSimilarity.Tests.Extensions.Levenshtein.String.LevenshteinExtensionTests" runstate="Runnable" seed="954186139" result="Passed" start-time="2016-12-21 09:51:24Z" end-time="2016-12-21 09:51:24Z" duration="0.003640" asserts="1" />
                  <test-case id="1013" name="GivenTwoSimilarStrings_WhenICalculateLevenshteinDistanceIndex_ThenIGetTheSimilarityIndex" fullname="TextSimilarity.Tests.Extensions.Levenshtein.String.LevenshteinExtensionTests.GivenTwoSimilarStrings_WhenICalculateLevenshteinDistanceIndex_ThenIGetTheSimilarityIndex" methodname="GivenTwoSimilarStrings_WhenICalculateLevenshteinDistanceIndex_ThenIGetTheSimilarityIndex" classname="TextSimilarity.Tests.Extensions.Levenshtein.String.LevenshteinExtensionTests" runstate="Runnable" seed="1448563010" result="Passed" start-time="2016-12-21 09:51:24Z" end-time="2016-12-21 09:51:24Z" duration="0.000571" asserts="1" />
                </test-suite>
              </test-suite>
            </test-suite>
            <test-suite type="TestSuite" id="1028" name="OverlapCoefficient" fullname="TextSimilarity.Tests.Extensions.OverlapCoefficient" runstate="Runnable" testcasecount="3" result="Passed" start-time="2016-12-21 09:51:24Z" end-time="2016-12-21 09:51:24Z" duration="0.005891" total="3" passed="3" failed="0" inconclusive="0" skipped="0" asserts="3">
              <test-suite type="TestSuite" id="1029" name="Set" fullname="TextSimilarity.Tests.Extensions.OverlapCoefficient.Set" runstate="Runnable" testcasecount="3" result="Passed" start-time="2016-12-21 09:51:24Z" end-time="2016-12-21 09:51:24Z" duration="0.005750" total="3" passed="3" failed="0" inconclusive="0" skipped="0" asserts="3">
                <test-suite type="TestFixture" id="1008" name="OverlapCoefficientExtensionTests" fullname="TextSimilarity.Tests.Extensions.OverlapCoefficient.Set.OverlapCoefficientExtensionTests" classname="TextSimilarity.Tests.Extensions.OverlapCoefficient.Set.OverlapCoefficientExtensionTests" runstate="Runnable" testcasecount="3" result="Passed" start-time="2016-12-21 09:51:24Z" end-time="2016-12-21 09:51:24Z" duration="0.005428" total="3" passed="3" failed="0" inconclusive="0" skipped="0" asserts="3">
                  <test-case id="1011" name="GivenTwoDistinctStrings_WhenICalculateOverlapCoeffiecient_ThenIGetTheSimilarityIndex" fullname="TextSimilarity.Tests.Extensions.OverlapCoefficient.Set.OverlapCoefficientExtensionTests.GivenTwoDistinctStrings_WhenICalculateOverlapCoeffiecient_ThenIGetTheSimilarityIndex" methodname="GivenTwoDistinctStrings_WhenICalculateOverlapCoeffiecient_ThenIGetTheSimilarityIndex" classname="TextSimilarity.Tests.Extensions.OverlapCoefficient.Set.OverlapCoefficientExtensionTests" runstate="Runnable" seed="1025285762" result="Passed" start-time="2016-12-21 09:51:24Z" end-time="2016-12-21 09:51:24Z" duration="0.000803" asserts="1" />
                  <test-case id="1009" name="GivenTwoSimilarStrings_WhenICalculateOverlapCoeffiecient_ThenIGetTheSimilarityIndex" fullname="TextSimilarity.Tests.Extensions.OverlapCoefficient.Set.OverlapCoefficientExtensionTests.GivenTwoSimilarStrings_WhenICalculateOverlapCoeffiecient_ThenIGetTheSimilarityIndex" methodname="GivenTwoSimilarStrings_WhenICalculateOverlapCoeffiecient_ThenIGetTheSimilarityIndex" classname="TextSimilarity.Tests.Extensions.OverlapCoefficient.Set.OverlapCoefficientExtensionTests" runstate="Runnable" seed="48739919" result="Passed" start-time="2016-12-21 09:51:24Z" end-time="2016-12-21 09:51:24Z" duration="0.000367" asserts="1" />
                  <test-case id="1010" name="GivenTwoSimilarStringsWhereOneIsASubsetOfTheOther_WhenICalculateOverlapCoeffiecient_ThenIGetTheSimilarityIndex" fullname="TextSimilarity.Tests.Extensions.OverlapCoefficient.Set.OverlapCoefficientExtensionTests.GivenTwoSimilarStringsWhereOneIsASubsetOfTheOther_WhenICalculateOverlapCoeffiecient_ThenIGetTheSimilarityIndex" methodname="GivenTwoSimilarStringsWhereOneIsASubsetOfTheOther_WhenICalculateOverlapCoeffiecient_ThenIGetTheSimilarityIndex" classname="TextSimilarity.Tests.Extensions.OverlapCoefficient.Set.OverlapCoefficientExtensionTests" runstate="Runnable" seed="1716617038" result="Passed" start-time="2016-12-21 09:51:24Z" end-time="2016-12-21 09:51:24Z" duration="0.000397" asserts="1" />
                </test-suite>
              </test-suite>
            </test-suite>
            <test-suite type="TestSuite" id="1026" name="SimHash" fullname="TextSimilarity.Tests.Extensions.SimHash" runstate="Runnable" testcasecount="4" result="Passed" start-time="2016-12-21 09:51:24Z" end-time="2016-12-21 09:51:24Z" duration="0.024021" total="4" passed="4" failed="0" inconclusive="0" skipped="0" asserts="4">
              <test-suite type="TestSuite" id="1027" name="Set" fullname="TextSimilarity.Tests.Extensions.SimHash.Set" runstate="Runnable" testcasecount="4" result="Passed" start-time="2016-12-21 09:51:24Z" end-time="2016-12-21 09:51:24Z" duration="0.023759" total="4" passed="4" failed="0" inconclusive="0" skipped="0" asserts="4">
                <test-suite type="TestFixture" id="1003" name="SimHashExtensionTests" fullname="TextSimilarity.Tests.Extensions.SimHash.Set.SimHashExtensionTests" classname="TextSimilarity.Tests.Extensions.SimHash.Set.SimHashExtensionTests" runstate="Runnable" testcasecount="4" result="Passed" start-time="2016-12-21 09:51:24Z" end-time="2016-12-21 09:51:24Z" duration="0.023312" total="4" passed="4" failed="0" inconclusive="0" skipped="0" asserts="4">
                  <test-case id="1007" name="GivenTwoDistinctStrings_WhenICalculateTheSimHashWithCharShingles_ThenIGetTheCorrectIndex" fullname="TextSimilarity.Tests.Extensions.SimHash.Set.SimHashExtensionTests.GivenTwoDistinctStrings_WhenICalculateTheSimHashWithCharShingles_ThenIGetTheCorrectIndex" methodname="GivenTwoDistinctStrings_WhenICalculateTheSimHashWithCharShingles_ThenIGetTheCorrectIndex" classname="TextSimilarity.Tests.Extensions.SimHash.Set.SimHashExtensionTests" runstate="Runnable" seed="687363680" result="Passed" start-time="2016-12-21 09:51:24Z" end-time="2016-12-21 09:51:24Z" duration="0.003970" asserts="1" />
                  <test-case id="1005" name="GivenTwoDistinctStrings_WhenICalculateTheSimHashWithWordShingles_ThenIGetTheCorrectIndex" fullname="TextSimilarity.Tests.Extensions.SimHash.Set.SimHashExtensionTests.GivenTwoDistinctStrings_WhenICalculateTheSimHashWithWordShingles_ThenIGetTheCorrectIndex" methodname="GivenTwoDistinctStrings_WhenICalculateTheSimHashWithWordShingles_ThenIGetTheCorrectIndex" classname="TextSimilarity.Tests.Extensions.SimHash.Set.SimHashExtensionTests" runstate="Runnable" seed="538988102" result="Passed" start-time="2016-12-21 09:51:24Z" end-time="2016-12-21 09:51:24Z" duration="0.009827" asserts="1" />
                  <test-case id="1006" name="GivenTwoSimilarStrings_WhenICalculateTheSimHashWithCharShingles_ThenIGetTheCorrectIndex" fullname="TextSimilarity.Tests.Extensions.SimHash.Set.SimHashExtensionTests.GivenTwoSimilarStrings_WhenICalculateTheSimHashWithCharShingles_ThenIGetTheCorrectIndex" methodname="GivenTwoSimilarStrings_WhenICalculateTheSimHashWithCharShingles_ThenIGetTheCorrectIndex" classname="TextSimilarity.Tests.Extensions.SimHash.Set.SimHashExtensionTests" runstate="Runnable" seed="1050972393" result="Passed" start-time="2016-12-21 09:51:24Z" end-time="2016-12-21 09:51:24Z" duration="0.000776" asserts="1" />
                  <test-case id="1004" name="GivenTwoSimilarStrings_WhenICalculateTheSimHashWithWordShingles_ThenIGetTheCorrectIndex" fullname="TextSimilarity.Tests.Extensions.SimHash.Set.SimHashExtensionTests.GivenTwoSimilarStrings_WhenICalculateTheSimHashWithWordShingles_ThenIGetTheCorrectIndex" methodname="GivenTwoSimilarStrings_WhenICalculateTheSimHashWithWordShingles_ThenIGetTheCorrectIndex" classname="TextSimilarity.Tests.Extensions.SimHash.Set.SimHashExtensionTests" runstate="Runnable" seed="576331144" result="Passed" start-time="2016-12-21 09:51:24Z" end-time="2016-12-21 09:51:24Z" duration="0.003021" asserts="1" />
                </test-suite>
              </test-suite>
            </test-suite>
            <test-suite type="TestSuite" id="1024" name="SorensenDiceCoefficient" fullname="TextSimilarity.Tests.Extensions.SorensenDiceCoefficient" runstate="Runnable" testcasecount="2" result="Passed" start-time="2016-12-21 09:51:24Z" end-time="2016-12-21 09:51:24Z" duration="0.007627" total="2" passed="2" failed="0" inconclusive="0" skipped="0" asserts="2">
              <test-suite type="TestSuite" id="1025" name="Set" fullname="TextSimilarity.Tests.Extensions.SorensenDiceCoefficient.Set" runstate="Runnable" testcasecount="2" result="Passed" start-time="2016-12-21 09:51:24Z" end-time="2016-12-21 09:51:24Z" duration="0.007383" total="2" passed="2" failed="0" inconclusive="0" skipped="0" asserts="2">
                <test-suite type="TestFixture" id="1000" name="SorensenDiceCoefficientExtensionTests" fullname="TextSimilarity.Tests.Extensions.SorensenDiceCoefficient.Set.SorensenDiceCoefficientExtensionTests" classname="TextSimilarity.Tests.Extensions.SorensenDiceCoefficient.Set.SorensenDiceCoefficientExtensionTests" runstate="Runnable" testcasecount="2" result="Passed" start-time="2016-12-21 09:51:24Z" end-time="2016-12-21 09:51:24Z" duration="0.006905" total="2" passed="2" failed="0" inconclusive="0" skipped="0" asserts="2">
                  <test-case id="1002" name="GivenTwoDistinctStrings_WhenICalculateDiceCoeffiecient_ThenIGetTheSimilarityIndex" fullname="TextSimilarity.Tests.Extensions.SorensenDiceCoefficient.Set.SorensenDiceCoefficientExtensionTests.GivenTwoDistinctStrings_WhenICalculateDiceCoeffiecient_ThenIGetTheSimilarityIndex" methodname="GivenTwoDistinctStrings_WhenICalculateDiceCoeffiecient_ThenIGetTheSimilarityIndex" classname="TextSimilarity.Tests.Extensions.SorensenDiceCoefficient.Set.SorensenDiceCoefficientExtensionTests" runstate="Runnable" seed="527734606" result="Passed" start-time="2016-12-21 09:51:24Z" end-time="2016-12-21 09:51:24Z" duration="0.001301" asserts="1" />
                  <test-case id="1001" name="GivenTwoSimilarStrings_WhenICalculateDiceCoeffiecient_ThenIGetTheSimilarityIndex" fullname="TextSimilarity.Tests.Extensions.SorensenDiceCoefficient.Set.SorensenDiceCoefficientExtensionTests.GivenTwoSimilarStrings_WhenICalculateDiceCoeffiecient_ThenIGetTheSimilarityIndex" methodname="GivenTwoSimilarStrings_WhenICalculateDiceCoeffiecient_ThenIGetTheSimilarityIndex" classname="TextSimilarity.Tests.Extensions.SorensenDiceCoefficient.Set.SorensenDiceCoefficientExtensionTests" runstate="Runnable" seed="1953555685" result="Passed" start-time="2016-12-21 09:51:24Z" end-time="2016-12-21 09:51:24Z" duration="0.001361" asserts="1" />
                </test-suite>
              </test-suite>
            </test-suite>
          </test-suite>
        </test-suite>
      </test-suite>
    </test-suite>
  </test-run>
</test-run>