<?xml version="1.0" encoding="utf-8"?>
<test-run id="0" testcasecount="15" total="15" passed="11" failed="4" inconclusive="0" skipped="0" asserts="15" result="Failed" portable-engine-version="3.3.0.0" start-time="2016-12-09 14:25:39Z" end-time="2016-12-09 14:25:40Z" duration="0.687290">
  <test-run id="0" testcasecount="15" total="15" passed="11" failed="4" inconclusive="0" skipped="0" asserts="15" result="Failed" portable-engine-version="3.3.0.0" start-time="2016-12-09 14:25:40Z" end-time="2016-12-09 14:25:40Z" duration="0.477180">
    <test-suite type="Assembly" id="1020" name="TextSimilarity.Tests, Version=1.0.0.0, Culture=neutral, PublicKeyToken=null" fullname="TextSimilarity.Tests, Version=1.0.0.0, Culture=neutral, PublicKeyToken=null" runstate="Runnable" testcasecount="15" result="Failed" site="Child" start-time="2016-12-09 14:25:40Z" end-time="2016-12-09 14:25:40Z" duration="0.339486" total="15" passed="11" failed="4" inconclusive="0" skipped="0" asserts="15">
      <settings>
        <setting name="WorkDirectory" value="C:\PROJECTDATA\IFRAMEWORX\TextSimilarity\TextSimilarity.Tests" />
      </settings>
      <failure>
        <message><![CDATA[One or more child tests had errors]]></message>
      </failure>
      <test-suite type="TestSuite" id="1021" name="TextSimilarity" fullname="TextSimilarity" runstate="Runnable" testcasecount="15" result="Failed" site="Child" start-time="2016-12-09 14:25:40Z" end-time="2016-12-09 14:25:40Z" duration="0.330222" total="15" passed="11" failed="4" inconclusive="0" skipped="0" asserts="15">
        <failure>
          <message><![CDATA[One or more child tests had errors]]></message>
        </failure>
        <test-suite type="TestSuite" id="1022" name="Tests" fullname="TextSimilarity.Tests" runstate="Runnable" testcasecount="15" result="Failed" site="Child" start-time="2016-12-09 14:25:40Z" end-time="2016-12-09 14:25:40Z" duration="0.329742" total="15" passed="11" failed="4" inconclusive="0" skipped="0" asserts="15">
          <failure>
            <message><![CDATA[One or more child tests had errors]]></message>
          </failure>
          <test-suite type="TestSuite" id="1023" name="Extensions" fullname="TextSimilarity.Tests.Extensions" runstate="Runnable" testcasecount="15" result="Failed" site="Child" start-time="2016-12-09 14:25:40Z" end-time="2016-12-09 14:25:40Z" duration="0.329361" total="15" passed="11" failed="4" inconclusive="0" skipped="0" asserts="15">
            <failure>
              <message><![CDATA[One or more child tests had errors]]></message>
            </failure>
            <test-suite type="TestSuite" id="1032" name="Jaccard" fullname="TextSimilarity.Tests.Extensions.Jaccard" runstate="Runnable" testcasecount="4" result="Passed" start-time="2016-12-09 14:25:40Z" end-time="2016-12-09 14:25:40Z" duration="0.124326" total="4" passed="4" failed="0" inconclusive="0" skipped="0" asserts="4">
              <test-suite type="TestSuite" id="1033" name="Set" fullname="TextSimilarity.Tests.Extensions.Jaccard.Set" runstate="Runnable" testcasecount="4" result="Passed" start-time="2016-12-09 14:25:40Z" end-time="2016-12-09 14:25:40Z" duration="0.123918" total="4" passed="4" failed="0" inconclusive="0" skipped="0" asserts="4">
                <test-suite type="TestFixture" id="1015" name="JaccardDistanceExtensionTests" fullname="TextSimilarity.Tests.Extensions.Jaccard.Set.JaccardDistanceExtensionTests" classname="TextSimilarity.Tests.Extensions.Jaccard.Set.JaccardDistanceExtensionTests" runstate="Runnable" testcasecount="4" result="Passed" start-time="2016-12-09 14:25:40Z" end-time="2016-12-09 14:25:40Z" duration="0.115363" total="4" passed="4" failed="0" inconclusive="0" skipped="0" asserts="4">
                  <test-case id="1019" name="GivenTwoDistinctStrings_WhenICalculateJaccardDistance_ThenIGetTheSimilarityIndex" fullname="TextSimilarity.Tests.Extensions.Jaccard.Set.JaccardDistanceExtensionTests.GivenTwoDistinctStrings_WhenICalculateJaccardDistance_ThenIGetTheSimilarityIndex" methodname="GivenTwoDistinctStrings_WhenICalculateJaccardDistance_ThenIGetTheSimilarityIndex" classname="TextSimilarity.Tests.Extensions.Jaccard.Set.JaccardDistanceExtensionTests" runstate="Runnable" seed="1816945894" result="Passed" start-time="2016-12-09 14:25:40Z" end-time="2016-12-09 14:25:40Z" duration="0.044319" asserts="1" />
                  <test-case id="1018" name="GivenTwoDistinctStrings_WhenICalculateJaccardIndex_ThenIGetTheSimilarityIndex" fullname="TextSimilarity.Tests.Extensions.Jaccard.Set.JaccardDistanceExtensionTests.GivenTwoDistinctStrings_WhenICalculateJaccardIndex_ThenIGetTheSimilarityIndex" methodname="GivenTwoDistinctStrings_WhenICalculateJaccardIndex_ThenIGetTheSimilarityIndex" classname="TextSimilarity.Tests.Extensions.Jaccard.Set.JaccardDistanceExtensionTests" runstate="Runnable" seed="1717987076" result="Passed" start-time="2016-12-09 14:25:40Z" end-time="2016-12-09 14:25:40Z" duration="0.000473" asserts="1" />
                  <test-case id="1017" name="GivenTwoSimilarStrings_WhenICalculateJaccardDistance_ThenIGetTheSimilarityIndex" fullname="TextSimilarity.Tests.Extensions.Jaccard.Set.JaccardDistanceExtensionTests.GivenTwoSimilarStrings_WhenICalculateJaccardDistance_ThenIGetTheSimilarityIndex" methodname="GivenTwoSimilarStrings_WhenICalculateJaccardDistance_ThenIGetTheSimilarityIndex" classname="TextSimilarity.Tests.Extensions.Jaccard.Set.JaccardDistanceExtensionTests" runstate="Runnable" seed="288217928" result="Passed" start-time="2016-12-09 14:25:40Z" end-time="2016-12-09 14:25:40Z" duration="0.000632" asserts="1" />
                  <test-case id="1016" name="GivenTwoSimilarStrings_WhenICalculateJaccardIndex_ThenIGetTheSimilarityIndex" fullname="TextSimilarity.Tests.Extensions.Jaccard.Set.JaccardDistanceExtensionTests.GivenTwoSimilarStrings_WhenICalculateJaccardIndex_ThenIGetTheSimilarityIndex" methodname="GivenTwoSimilarStrings_WhenICalculateJaccardIndex_ThenIGetTheSimilarityIndex" classname="TextSimilarity.Tests.Extensions.Jaccard.Set.JaccardDistanceExtensionTests" runstate="Runnable" seed="1966164389" result="Passed" start-time="2016-12-09 14:25:40Z" end-time="2016-12-09 14:25:40Z" duration="0.000643" asserts="1" />
                </test-suite>
              </test-suite>
            </test-suite>
            <test-suite type="TestSuite" id="1030" name="Levenshtein" fullname="TextSimilarity.Tests.Extensions.Levenshtein" runstate="Runnable" testcasecount="2" result="Passed" start-time="2016-12-09 14:25:40Z" end-time="2016-12-09 14:25:40Z" duration="0.014909" total="2" passed="2" failed="0" inconclusive="0" skipped="0" asserts="2">
              <test-suite type="TestSuite" id="1031" name="String" fullname="TextSimilarity.Tests.Extensions.Levenshtein.String" runstate="Runnable" testcasecount="2" result="Passed" start-time="2016-12-09 14:25:40Z" end-time="2016-12-09 14:25:40Z" duration="0.014622" total="2" passed="2" failed="0" inconclusive="0" skipped="0" asserts="2">
                <test-suite type="TestFixture" id="1012" name="LevenshteinExtensionTests" fullname="TextSimilarity.Tests.Extensions.Levenshtein.String.LevenshteinExtensionTests" classname="TextSimilarity.Tests.Extensions.Levenshtein.String.LevenshteinExtensionTests" runstate="Runnable" testcasecount="2" result="Passed" start-time="2016-12-09 14:25:40Z" end-time="2016-12-09 14:25:40Z" duration="0.013537" total="2" passed="2" failed="0" inconclusive="0" skipped="0" asserts="2">
                  <test-case id="1014" name="GivenTwoSimilarStrings_WhenICalculateDamerauLevenshteinDistanceIndex_ThenIGetTheSimilarityIndex" fullname="TextSimilarity.Tests.Extensions.Levenshtein.String.LevenshteinExtensionTests.GivenTwoSimilarStrings_WhenICalculateDamerauLevenshteinDistanceIndex_ThenIGetTheSimilarityIndex" methodname="GivenTwoSimilarStrings_WhenICalculateDamerauLevenshteinDistanceIndex_ThenIGetTheSimilarityIndex" classname="TextSimilarity.Tests.Extensions.Levenshtein.String.LevenshteinExtensionTests" runstate="Runnable" seed="740709604" result="Passed" start-time="2016-12-09 14:25:40Z" end-time="2016-12-09 14:25:40Z" duration="0.003842" asserts="1" />
                  <test-case id="1013" name="GivenTwoSimilarStrings_WhenICalculateLevenshteinDistanceIndex_ThenIGetTheSimilarityIndex" fullname="TextSimilarity.Tests.Extensions.Levenshtein.String.LevenshteinExtensionTests.GivenTwoSimilarStrings_WhenICalculateLevenshteinDistanceIndex_ThenIGetTheSimilarityIndex" methodname="GivenTwoSimilarStrings_WhenICalculateLevenshteinDistanceIndex_ThenIGetTheSimilarityIndex" classname="TextSimilarity.Tests.Extensions.Levenshtein.String.LevenshteinExtensionTests" runstate="Runnable" seed="541578154" result="Passed" start-time="2016-12-09 14:25:40Z" end-time="2016-12-09 14:25:40Z" duration="0.000784" asserts="1" />
                </test-suite>
              </test-suite>
            </test-suite>
            <test-suite type="TestSuite" id="1028" name="OverlapCoefficient" fullname="TextSimilarity.Tests.Extensions.OverlapCoefficient" runstate="Runnable" testcasecount="3" result="Passed" start-time="2016-12-09 14:25:40Z" end-time="2016-12-09 14:25:40Z" duration="0.018569" total="3" passed="3" failed="0" inconclusive="0" skipped="0" asserts="3">
              <test-suite type="TestSuite" id="1029" name="Set" fullname="TextSimilarity.Tests.Extensions.OverlapCoefficient.Set" runstate="Runnable" testcasecount="3" result="Passed" start-time="2016-12-09 14:25:40Z" end-time="2016-12-09 14:25:40Z" duration="0.018085" total="3" passed="3" failed="0" inconclusive="0" skipped="0" asserts="3">
                <test-suite type="TestFixture" id="1008" name="OverlapCoefficientExtensionTests" fullname="TextSimilarity.Tests.Extensions.OverlapCoefficient.Set.OverlapCoefficientExtensionTests" classname="TextSimilarity.Tests.Extensions.OverlapCoefficient.Set.OverlapCoefficientExtensionTests" runstate="Runnable" testcasecount="3" result="Passed" start-time="2016-12-09 14:25:40Z" end-time="2016-12-09 14:25:40Z" duration="0.017090" total="3" passed="3" failed="0" inconclusive="0" skipped="0" asserts="3">
                  <test-case id="1011" name="GivenTwoDistinctStrings_WhenICalculateOverlapCoeffiecient_ThenIGetTheSimilarityIndex" fullname="TextSimilarity.Tests.Extensions.OverlapCoefficient.Set.OverlapCoefficientExtensionTests.GivenTwoDistinctStrings_WhenICalculateOverlapCoeffiecient_ThenIGetTheSimilarityIndex" methodname="GivenTwoDistinctStrings_WhenICalculateOverlapCoeffiecient_ThenIGetTheSimilarityIndex" classname="TextSimilarity.Tests.Extensions.OverlapCoefficient.Set.OverlapCoefficientExtensionTests" runstate="Runnable" seed="454179237" result="Passed" start-time="2016-12-09 14:25:40Z" end-time="2016-12-09 14:25:40Z" duration="0.003757" asserts="1" />
                  <test-case id="1009" name="GivenTwoSimilarStrings_WhenICalculateOverlapCoeffiecient_ThenIGetTheSimilarityIndex" fullname="TextSimilarity.Tests.Extensions.OverlapCoefficient.Set.OverlapCoefficientExtensionTests.GivenTwoSimilarStrings_WhenICalculateOverlapCoeffiecient_ThenIGetTheSimilarityIndex" methodname="GivenTwoSimilarStrings_WhenICalculateOverlapCoeffiecient_ThenIGetTheSimilarityIndex" classname="TextSimilarity.Tests.Extensions.OverlapCoefficient.Set.OverlapCoefficientExtensionTests" runstate="Runnable" seed="1956113092" result="Passed" start-time="2016-12-09 14:25:40Z" end-time="2016-12-09 14:25:40Z" duration="0.000467" asserts="1" />
                  <test-case id="1010" name="GivenTwoSimilarStringsWhereOneIsASubsetOfTheOther_WhenICalculateOverlapCoeffiecient_ThenIGetTheSimilarityIndex" fullname="TextSimilarity.Tests.Extensions.OverlapCoefficient.Set.OverlapCoefficientExtensionTests.GivenTwoSimilarStringsWhereOneIsASubsetOfTheOther_WhenICalculateOverlapCoeffiecient_ThenIGetTheSimilarityIndex" methodname="GivenTwoSimilarStringsWhereOneIsASubsetOfTheOther_WhenICalculateOverlapCoeffiecient_ThenIGetTheSimilarityIndex" classname="TextSimilarity.Tests.Extensions.OverlapCoefficient.Set.OverlapCoefficientExtensionTests" runstate="Runnable" seed="69004433" result="Passed" start-time="2016-12-09 14:25:40Z" end-time="2016-12-09 14:25:40Z" duration="0.000539" asserts="1" />
                </test-suite>
              </test-suite>
            </test-suite>
            <test-suite type="TestSuite" id="1026" name="SimHash" fullname="TextSimilarity.Tests.Extensions.SimHash" runstate="Runnable" testcasecount="4" result="Failed" site="Child" start-time="2016-12-09 14:25:40Z" end-time="2016-12-09 14:25:40Z" duration="0.156835" total="4" passed="0" failed="4" inconclusive="0" skipped="0" asserts="4">
              <failure>
                <message><![CDATA[One or more child tests had errors]]></message>
              </failure>
              <test-suite type="TestSuite" id="1027" name="Set" fullname="TextSimilarity.Tests.Extensions.SimHash.Set" runstate="Runnable" testcasecount="4" result="Failed" site="Child" start-time="2016-12-09 14:25:40Z" end-time="2016-12-09 14:25:40Z" duration="0.156357" total="4" passed="0" failed="4" inconclusive="0" skipped="0" asserts="4">
                <failure>
                  <message><![CDATA[One or more child tests had errors]]></message>
                </failure>
                <test-suite type="TestFixture" id="1003" name="SimHashExtensionTests" fullname="TextSimilarity.Tests.Extensions.SimHash.Set.SimHashExtensionTests" classname="TextSimilarity.Tests.Extensions.SimHash.Set.SimHashExtensionTests" runstate="Runnable" testcasecount="4" result="Failed" site="Child" start-time="2016-12-09 14:25:40Z" end-time="2016-12-09 14:25:40Z" duration="0.155692" total="4" passed="0" failed="4" inconclusive="0" skipped="0" asserts="4">
                  <failure>
                    <message><![CDATA[One or more child tests had errors]]></message>
                  </failure>
                  <test-case id="1007" name="GivenTwoDistinctStrings_WhenICalculateTheSimHashWithCharShingles_ThenIGetTheCorrectIndex" fullname="TextSimilarity.Tests.Extensions.SimHash.Set.SimHashExtensionTests.GivenTwoDistinctStrings_WhenICalculateTheSimHashWithCharShingles_ThenIGetTheCorrectIndex" methodname="GivenTwoDistinctStrings_WhenICalculateTheSimHashWithCharShingles_ThenIGetTheCorrectIndex" classname="TextSimilarity.Tests.Extensions.SimHash.Set.SimHashExtensionTests" runstate="Runnable" seed="1035599336" result="Failed" start-time="2016-12-09 14:25:40Z" end-time="2016-12-09 14:25:40Z" duration="0.104411" asserts="1">
                    <failure>
                      <message><![CDATA[  Expected: 3
  But was:  16
]]></message>
                      <stack-trace><![CDATA[at TextSimilarity.Tests.Extensions.SimHash.Set.SimHashExtensionTests.GivenTwoDistinctStrings_WhenICalculateTheSimHashWithCharShingles_ThenIGetTheCorrectIndex() in C:\PROJECTDATA\IFRAMEWORX\TextSimilarity\TextSimilarity.Tests\Extensions\SimHash\Set\SimHashExtensionTests.cs:line 63
]]></stack-trace>
                    </failure>
                  </test-case>
                  <test-case id="1005" name="GivenTwoDistinctStrings_WhenICalculateTheSimHashWithWordShingles_ThenIGetTheCorrectIndex" fullname="TextSimilarity.Tests.Extensions.SimHash.Set.SimHashExtensionTests.GivenTwoDistinctStrings_WhenICalculateTheSimHashWithWordShingles_ThenIGetTheCorrectIndex" methodname="GivenTwoDistinctStrings_WhenICalculateTheSimHashWithWordShingles_ThenIGetTheCorrectIndex" classname="TextSimilarity.Tests.Extensions.SimHash.Set.SimHashExtensionTests" runstate="Runnable" seed="483677800" result="Failed" start-time="2016-12-09 14:25:40Z" end-time="2016-12-09 14:25:40Z" duration="0.015277" asserts="1">
                    <failure>
                      <message><![CDATA[  Expected: 14
  But was:  21
]]></message>
                      <stack-trace><![CDATA[at TextSimilarity.Tests.Extensions.SimHash.Set.SimHashExtensionTests.GivenTwoDistinctStrings_WhenICalculateTheSimHashWithWordShingles_ThenIGetTheCorrectIndex() in C:\PROJECTDATA\IFRAMEWORX\TextSimilarity\TextSimilarity.Tests\Extensions\SimHash\Set\SimHashExtensionTests.cs:line 38
]]></stack-trace>
                    </failure>
                  </test-case>
                  <test-case id="1006" name="GivenTwoSimilarStrings_WhenICalculateTheSimHashWithCharShingles_ThenIGetTheCorrectIndex" fullname="TextSimilarity.Tests.Extensions.SimHash.Set.SimHashExtensionTests.GivenTwoSimilarStrings_WhenICalculateTheSimHashWithCharShingles_ThenIGetTheCorrectIndex" methodname="GivenTwoSimilarStrings_WhenICalculateTheSimHashWithCharShingles_ThenIGetTheCorrectIndex" classname="TextSimilarity.Tests.Extensions.SimHash.Set.SimHashExtensionTests" runstate="Runnable" seed="1753086427" result="Failed" start-time="2016-12-09 14:25:40Z" end-time="2016-12-09 14:25:40Z" duration="0.003520" asserts="1">
                    <failure>
                      <message><![CDATA[  Expected: 0
  But was:  8
]]></message>
                      <stack-trace><![CDATA[at TextSimilarity.Tests.Extensions.SimHash.Set.SimHashExtensionTests.GivenTwoSimilarStrings_WhenICalculateTheSimHashWithCharShingles_ThenIGetTheCorrectIndex() in C:\PROJECTDATA\IFRAMEWORX\TextSimilarity\TextSimilarity.Tests\Extensions\SimHash\Set\SimHashExtensionTests.cs:line 51
]]></stack-trace>
                    </failure>
                  </test-case>
                  <test-case id="1004" name="GivenTwoSimilarStrings_WhenICalculateTheSimHashWithWordShingles_ThenIGetTheCorrectIndex" fullname="TextSimilarity.Tests.Extensions.SimHash.Set.SimHashExtensionTests.GivenTwoSimilarStrings_WhenICalculateTheSimHashWithWordShingles_ThenIGetTheCorrectIndex" methodname="GivenTwoSimilarStrings_WhenICalculateTheSimHashWithWordShingles_ThenIGetTheCorrectIndex" classname="TextSimilarity.Tests.Extensions.SimHash.Set.SimHashExtensionTests" runstate="Runnable" seed="17581944" result="Failed" start-time="2016-12-09 14:25:40Z" end-time="2016-12-09 14:25:40Z" duration="0.004625" asserts="1">
                    <failure>
                      <message><![CDATA[  Expected: 4.0d +/- 0.01d
  But was:  3.0d
]]></message>
                      <stack-trace><![CDATA[at TextSimilarity.Tests.Extensions.SimHash.Set.SimHashExtensionTests.GivenTwoSimilarStrings_WhenICalculateTheSimHashWithWordShingles_ThenIGetTheCorrectIndex() in C:\PROJECTDATA\IFRAMEWORX\TextSimilarity\TextSimilarity.Tests\Extensions\SimHash\Set\SimHashExtensionTests.cs:line 23
]]></stack-trace>
                    </failure>
                  </test-case>
                </test-suite>
              </test-suite>
            </test-suite>
            <test-suite type="TestSuite" id="1024" name="SorensenDiceCoefficient" fullname="TextSimilarity.Tests.Extensions.SorensenDiceCoefficient" runstate="Runnable" testcasecount="2" result="Passed" start-time="2016-12-09 14:25:40Z" end-time="2016-12-09 14:25:40Z" duration="0.012718" total="2" passed="2" failed="0" inconclusive="0" skipped="0" asserts="2">
              <test-suite type="TestSuite" id="1025" name="Set" fullname="TextSimilarity.Tests.Extensions.SorensenDiceCoefficient.Set" runstate="Runnable" testcasecount="2" result="Passed" start-time="2016-12-09 14:25:40Z" end-time="2016-12-09 14:25:40Z" duration="0.012257" total="2" passed="2" failed="0" inconclusive="0" skipped="0" asserts="2">
                <test-suite type="TestFixture" id="1000" name="SorensenDiceCoefficientExtensionTests" fullname="TextSimilarity.Tests.Extensions.SorensenDiceCoefficient.Set.SorensenDiceCoefficientExtensionTests" classname="TextSimilarity.Tests.Extensions.SorensenDiceCoefficient.Set.SorensenDiceCoefficientExtensionTests" runstate="Runnable" testcasecount="2" result="Passed" start-time="2016-12-09 14:25:40Z" end-time="2016-12-09 14:25:40Z" duration="0.011519" total="2" passed="2" failed="0" inconclusive="0" skipped="0" asserts="2">
                  <test-case id="1002" name="GivenTwoDistinctStrings_WhenICalculateDiceCoeffiecient_ThenIGetTheSimilarityIndex" fullname="TextSimilarity.Tests.Extensions.SorensenDiceCoefficient.Set.SorensenDiceCoefficientExtensionTests.GivenTwoDistinctStrings_WhenICalculateDiceCoeffiecient_ThenIGetTheSimilarityIndex" methodname="GivenTwoDistinctStrings_WhenICalculateDiceCoeffiecient_ThenIGetTheSimilarityIndex" classname="TextSimilarity.Tests.Extensions.SorensenDiceCoefficient.Set.SorensenDiceCoefficientExtensionTests" runstate="Runnable" seed="865172998" result="Passed" start-time="2016-12-09 14:25:40Z" end-time="2016-12-09 14:25:40Z" duration="0.001726" asserts="1" />
                  <test-case id="1001" name="GivenTwoSimilarStrings_WhenICalculateDiceCoeffiecient_ThenIGetTheSimilarityIndex" fullname="TextSimilarity.Tests.Extensions.SorensenDiceCoefficient.Set.SorensenDiceCoefficientExtensionTests.GivenTwoSimilarStrings_WhenICalculateDiceCoeffiecient_ThenIGetTheSimilarityIndex" methodname="GivenTwoSimilarStrings_WhenICalculateDiceCoeffiecient_ThenIGetTheSimilarityIndex" classname="TextSimilarity.Tests.Extensions.SorensenDiceCoefficient.Set.SorensenDiceCoefficientExtensionTests" runstate="Runnable" seed="1514377907" result="Passed" start-time="2016-12-09 14:25:40Z" end-time="2016-12-09 14:25:40Z" duration="0.001363" asserts="1" />
                </test-suite>
              </test-suite>
            </test-suite>
          </test-suite>
        </test-suite>
      </test-suite>
    </test-suite>
  </test-run>
</test-run>