<?xml version="1.0" encoding="utf-8"?>
<test-run id="0" testcasecount="15" total="15" passed="15" failed="0" inconclusive="0" skipped="0" asserts="15" result="Passed" portable-engine-version="3.3.0.0" start-time="2016-12-11 11:36:54Z" end-time="2016-12-11 11:36:55Z" duration="0.169012">
  <test-run id="0" testcasecount="15" total="15" passed="15" failed="0" inconclusive="0" skipped="0" asserts="15" result="Passed" portable-engine-version="3.3.0.0" start-time="2016-12-11 11:36:54Z" end-time="2016-12-11 11:36:55Z" duration="0.098005">
    <test-suite type="Assembly" id="1020" name="TextSimilarity.Tests, Version=1.0.0.0, Culture=neutral, PublicKeyToken=null" fullname="TextSimilarity.Tests, Version=1.0.0.0, Culture=neutral, PublicKeyToken=null" runstate="Runnable" testcasecount="15" result="Passed" start-time="2016-12-11 11:36:54Z" end-time="2016-12-11 11:36:55Z" duration="0.059181" total="15" passed="15" failed="0" inconclusive="0" skipped="0" asserts="15">
      <settings>
        <setting name="WorkDirectory" value="C:\PROJECTDATA\IFRAMEWORX\TextSimilarity\TextSimilarity.Tests" />
      </settings>
      <test-suite type="TestSuite" id="1021" name="TextSimilarity" fullname="TextSimilarity" runstate="Runnable" testcasecount="15" result="Passed" start-time="2016-12-11 11:36:54Z" end-time="2016-12-11 11:36:55Z" duration="0.055864" total="15" passed="15" failed="0" inconclusive="0" skipped="0" asserts="15">
        <test-suite type="TestSuite" id="1022" name="Tests" fullname="TextSimilarity.Tests" runstate="Runnable" testcasecount="15" result="Passed" start-time="2016-12-11 11:36:54Z" end-time="2016-12-11 11:36:55Z" duration="0.055749" total="15" passed="15" failed="0" inconclusive="0" skipped="0" asserts="15">
          <test-suite type="TestSuite" id="1023" name="Extensions" fullname="TextSimilarity.Tests.Extensions" runstate="Runnable" testcasecount="15" result="Passed" start-time="2016-12-11 11:36:54Z" end-time="2016-12-11 11:36:55Z" duration="0.055680" total="15" passed="15" failed="0" inconclusive="0" skipped="0" asserts="15">
            <test-suite type="TestSuite" id="1032" name="Jaccard" fullname="TextSimilarity.Tests.Extensions.Jaccard" runstate="Runnable" testcasecount="4" result="Passed" start-time="2016-12-11 11:36:54Z" end-time="2016-12-11 11:36:55Z" duration="0.040053" total="4" passed="4" failed="0" inconclusive="0" skipped="0" asserts="4">
              <test-suite type="TestSuite" id="1033" name="Set" fullname="TextSimilarity.Tests.Extensions.Jaccard.Set" runstate="Runnable" testcasecount="4" result="Passed" start-time="2016-12-11 11:36:54Z" end-time="2016-12-11 11:36:55Z" duration="0.039969" total="4" passed="4" failed="0" inconclusive="0" skipped="0" asserts="4">
                <test-suite type="TestFixture" id="1015" name="JaccardDistanceExtensionTests" fullname="TextSimilarity.Tests.Extensions.Jaccard.Set.JaccardDistanceExtensionTests" classname="TextSimilarity.Tests.Extensions.Jaccard.Set.JaccardDistanceExtensionTests" runstate="Runnable" testcasecount="4" result="Passed" start-time="2016-12-11 11:36:54Z" end-time="2016-12-11 11:36:55Z" duration="0.038192" total="4" passed="4" failed="0" inconclusive="0" skipped="0" asserts="4">
                  <test-case id="1019" name="GivenTwoDistinctStrings_WhenICalculateJaccardDistance_ThenIGetTheSimilarityIndex" fullname="TextSimilarity.Tests.Extensions.Jaccard.Set.JaccardDistanceExtensionTests.GivenTwoDistinctStrings_WhenICalculateJaccardDistance_ThenIGetTheSimilarityIndex" methodname="GivenTwoDistinctStrings_WhenICalculateJaccardDistance_ThenIGetTheSimilarityIndex" classname="TextSimilarity.Tests.Extensions.Jaccard.Set.JaccardDistanceExtensionTests" runstate="Runnable" seed="561593781" result="Passed" start-time="2016-12-11 11:36:54Z" end-time="2016-12-11 11:36:54Z" duration="0.013298" asserts="1" />
                  <test-case id="1018" name="GivenTwoDistinctStrings_WhenICalculateJaccardIndex_ThenIGetTheSimilarityIndex" fullname="TextSimilarity.Tests.Extensions.Jaccard.Set.JaccardDistanceExtensionTests.GivenTwoDistinctStrings_WhenICalculateJaccardIndex_ThenIGetTheSimilarityIndex" methodname="GivenTwoDistinctStrings_WhenICalculateJaccardIndex_ThenIGetTheSimilarityIndex" classname="TextSimilarity.Tests.Extensions.Jaccard.Set.JaccardDistanceExtensionTests" runstate="Runnable" seed="1978189404" result="Passed" start-time="2016-12-11 11:36:54Z" end-time="2016-12-11 11:36:54Z" duration="0.000169" asserts="1" />
                  <test-case id="1017" name="GivenTwoSimilarStrings_WhenICalculateJaccardDistance_ThenIGetTheSimilarityIndex" fullname="TextSimilarity.Tests.Extensions.Jaccard.Set.JaccardDistanceExtensionTests.GivenTwoSimilarStrings_WhenICalculateJaccardDistance_ThenIGetTheSimilarityIndex" methodname="GivenTwoSimilarStrings_WhenICalculateJaccardDistance_ThenIGetTheSimilarityIndex" classname="TextSimilarity.Tests.Extensions.Jaccard.Set.JaccardDistanceExtensionTests" runstate="Runnable" seed="1678839132" result="Passed" start-time="2016-12-11 11:36:54Z" end-time="2016-12-11 11:36:54Z" duration="0.000150" asserts="1" />
                  <test-case id="1016" name="GivenTwoSimilarStrings_WhenICalculateJaccardIndex_ThenIGetTheSimilarityIndex" fullname="TextSimilarity.Tests.Extensions.Jaccard.Set.JaccardDistanceExtensionTests.GivenTwoSimilarStrings_WhenICalculateJaccardIndex_ThenIGetTheSimilarityIndex" methodname="GivenTwoSimilarStrings_WhenICalculateJaccardIndex_ThenIGetTheSimilarityIndex" classname="TextSimilarity.Tests.Extensions.Jaccard.Set.JaccardDistanceExtensionTests" runstate="Runnable" seed="376418706" result="Passed" start-time="2016-12-11 11:36:54Z" end-time="2016-12-11 11:36:54Z" duration="0.000157" asserts="1" />
                </test-suite>
              </test-suite>
            </test-suite>
            <test-suite type="TestSuite" id="1030" name="Levenshtein" fullname="TextSimilarity.Tests.Extensions.Levenshtein" runstate="Runnable" testcasecount="2" result="Passed" start-time="2016-12-11 11:36:55Z" end-time="2016-12-11 11:36:55Z" duration="0.002067" total="2" passed="2" failed="0" inconclusive="0" skipped="0" asserts="2">
              <test-suite type="TestSuite" id="1031" name="String" fullname="TextSimilarity.Tests.Extensions.Levenshtein.String" runstate="Runnable" testcasecount="2" result="Passed" start-time="2016-12-11 11:36:55Z" end-time="2016-12-11 11:36:55Z" duration="0.001996" total="2" passed="2" failed="0" inconclusive="0" skipped="0" asserts="2">
                <test-suite type="TestFixture" id="1012" name="LevenshteinExtensionTests" fullname="TextSimilarity.Tests.Extensions.Levenshtein.String.LevenshteinExtensionTests" classname="TextSimilarity.Tests.Extensions.Levenshtein.String.LevenshteinExtensionTests" runstate="Runnable" testcasecount="2" result="Passed" start-time="2016-12-11 11:36:55Z" end-time="2016-12-11 11:36:55Z" duration="0.001865" total="2" passed="2" failed="0" inconclusive="0" skipped="0" asserts="2">
                  <test-case id="1014" name="GivenTwoSimilarStrings_WhenICalculateDamerauLevenshteinDistanceIndex_ThenIGetTheSimilarityIndex" fullname="TextSimilarity.Tests.Extensions.Levenshtein.String.LevenshteinExtensionTests.GivenTwoSimilarStrings_WhenICalculateDamerauLevenshteinDistanceIndex_ThenIGetTheSimilarityIndex" methodname="GivenTwoSimilarStrings_WhenICalculateDamerauLevenshteinDistanceIndex_ThenIGetTheSimilarityIndex" classname="TextSimilarity.Tests.Extensions.Levenshtein.String.LevenshteinExtensionTests" runstate="Runnable" seed="949988661" result="Passed" start-time="2016-12-11 11:36:55Z" end-time="2016-12-11 11:36:55Z" duration="0.000638" asserts="1" />
                  <test-case id="1013" name="GivenTwoSimilarStrings_WhenICalculateLevenshteinDistanceIndex_ThenIGetTheSimilarityIndex" fullname="TextSimilarity.Tests.Extensions.Levenshtein.String.LevenshteinExtensionTests.GivenTwoSimilarStrings_WhenICalculateLevenshteinDistanceIndex_ThenIGetTheSimilarityIndex" methodname="GivenTwoSimilarStrings_WhenICalculateLevenshteinDistanceIndex_ThenIGetTheSimilarityIndex" classname="TextSimilarity.Tests.Extensions.Levenshtein.String.LevenshteinExtensionTests" runstate="Runnable" seed="63767746" result="Passed" start-time="2016-12-11 11:36:55Z" end-time="2016-12-11 11:36:55Z" duration="0.000218" asserts="1" />
                </test-suite>
              </test-suite>
            </test-suite>
            <test-suite type="TestSuite" id="1028" name="OverlapCoefficient" fullname="TextSimilarity.Tests.Extensions.OverlapCoefficient" runstate="Runnable" testcasecount="3" result="Passed" start-time="2016-12-11 11:36:55Z" end-time="2016-12-11 11:36:55Z" duration="0.002811" total="3" passed="3" failed="0" inconclusive="0" skipped="0" asserts="3">
              <test-suite type="TestSuite" id="1029" name="Set" fullname="TextSimilarity.Tests.Extensions.OverlapCoefficient.Set" runstate="Runnable" testcasecount="3" result="Passed" start-time="2016-12-11 11:36:55Z" end-time="2016-12-11 11:36:55Z" duration="0.002739" total="3" passed="3" failed="0" inconclusive="0" skipped="0" asserts="3">
                <test-suite type="TestFixture" id="1008" name="OverlapCoefficientExtensionTests" fullname="TextSimilarity.Tests.Extensions.OverlapCoefficient.Set.OverlapCoefficientExtensionTests" classname="TextSimilarity.Tests.Extensions.OverlapCoefficient.Set.OverlapCoefficientExtensionTests" runstate="Runnable" testcasecount="3" result="Passed" start-time="2016-12-11 11:36:55Z" end-time="2016-12-11 11:36:55Z" duration="0.002601" total="3" passed="3" failed="0" inconclusive="0" skipped="0" asserts="3">
                  <test-case id="1011" name="GivenTwoDistinctStrings_WhenICalculateOverlapCoeffiecient_ThenIGetTheSimilarityIndex" fullname="TextSimilarity.Tests.Extensions.OverlapCoefficient.Set.OverlapCoefficientExtensionTests.GivenTwoDistinctStrings_WhenICalculateOverlapCoeffiecient_ThenIGetTheSimilarityIndex" methodname="GivenTwoDistinctStrings_WhenICalculateOverlapCoeffiecient_ThenIGetTheSimilarityIndex" classname="TextSimilarity.Tests.Extensions.OverlapCoefficient.Set.OverlapCoefficientExtensionTests" runstate="Runnable" seed="1421673752" result="Passed" start-time="2016-12-11 11:36:55Z" end-time="2016-12-11 11:36:55Z" duration="0.000373" asserts="1" />
                  <test-case id="1009" name="GivenTwoSimilarStrings_WhenICalculateOverlapCoeffiecient_ThenIGetTheSimilarityIndex" fullname="TextSimilarity.Tests.Extensions.OverlapCoefficient.Set.OverlapCoefficientExtensionTests.GivenTwoSimilarStrings_WhenICalculateOverlapCoeffiecient_ThenIGetTheSimilarityIndex" methodname="GivenTwoSimilarStrings_WhenICalculateOverlapCoeffiecient_ThenIGetTheSimilarityIndex" classname="TextSimilarity.Tests.Extensions.OverlapCoefficient.Set.OverlapCoefficientExtensionTests" runstate="Runnable" seed="1330940698" result="Passed" start-time="2016-12-11 11:36:55Z" end-time="2016-12-11 11:36:55Z" duration="0.000140" asserts="1" />
                  <test-case id="1010" name="GivenTwoSimilarStringsWhereOneIsASubsetOfTheOther_WhenICalculateOverlapCoeffiecient_ThenIGetTheSimilarityIndex" fullname="TextSimilarity.Tests.Extensions.OverlapCoefficient.Set.OverlapCoefficientExtensionTests.GivenTwoSimilarStringsWhereOneIsASubsetOfTheOther_WhenICalculateOverlapCoeffiecient_ThenIGetTheSimilarityIndex" methodname="GivenTwoSimilarStringsWhereOneIsASubsetOfTheOther_WhenICalculateOverlapCoeffiecient_ThenIGetTheSimilarityIndex" classname="TextSimilarity.Tests.Extensions.OverlapCoefficient.Set.OverlapCoefficientExtensionTests" runstate="Runnable" seed="451422472" result="Passed" start-time="2016-12-11 11:36:55Z" end-time="2016-12-11 11:36:55Z" duration="0.000141" asserts="1" />
                </test-suite>
              </test-suite>
            </test-suite>
            <test-suite type="TestSuite" id="1026" name="SimHash" fullname="TextSimilarity.Tests.Extensions.SimHash" runstate="Runnable" testcasecount="4" result="Passed" start-time="2016-12-11 11:36:55Z" end-time="2016-12-11 11:36:55Z" duration="0.008501" total="4" passed="4" failed="0" inconclusive="0" skipped="0" asserts="4">
              <test-suite type="TestSuite" id="1027" name="Set" fullname="TextSimilarity.Tests.Extensions.SimHash.Set" runstate="Runnable" testcasecount="4" result="Passed" start-time="2016-12-11 11:36:55Z" end-time="2016-12-11 11:36:55Z" duration="0.008417" total="4" passed="4" failed="0" inconclusive="0" skipped="0" asserts="4">
                <test-suite type="TestFixture" id="1003" name="SimHashExtensionTests" fullname="TextSimilarity.Tests.Extensions.SimHash.Set.SimHashExtensionTests" classname="TextSimilarity.Tests.Extensions.SimHash.Set.SimHashExtensionTests" runstate="Runnable" testcasecount="4" result="Passed" start-time="2016-12-11 11:36:55Z" end-time="2016-12-11 11:36:55Z" duration="0.008286" total="4" passed="4" failed="0" inconclusive="0" skipped="0" asserts="4">
                  <test-case id="1007" name="GivenTwoDistinctStrings_WhenICalculateTheSimHashWithCharShingles_ThenIGetTheCorrectIndex" fullname="TextSimilarity.Tests.Extensions.SimHash.Set.SimHashExtensionTests.GivenTwoDistinctStrings_WhenICalculateTheSimHashWithCharShingles_ThenIGetTheCorrectIndex" methodname="GivenTwoDistinctStrings_WhenICalculateTheSimHashWithCharShingles_ThenIGetTheCorrectIndex" classname="TextSimilarity.Tests.Extensions.SimHash.Set.SimHashExtensionTests" runstate="Runnable" seed="964253595" result="Passed" start-time="2016-12-11 11:36:55Z" end-time="2016-12-11 11:36:55Z" duration="0.001596" asserts="1" />
                  <test-case id="1005" name="GivenTwoDistinctStrings_WhenICalculateTheSimHashWithWordShingles_ThenIGetTheCorrectIndex" fullname="TextSimilarity.Tests.Extensions.SimHash.Set.SimHashExtensionTests.GivenTwoDistinctStrings_WhenICalculateTheSimHashWithWordShingles_ThenIGetTheCorrectIndex" methodname="GivenTwoDistinctStrings_WhenICalculateTheSimHashWithWordShingles_ThenIGetTheCorrectIndex" classname="TextSimilarity.Tests.Extensions.SimHash.Set.SimHashExtensionTests" runstate="Runnable" seed="2052086960" result="Passed" start-time="2016-12-11 11:36:55Z" end-time="2016-12-11 11:36:55Z" duration="0.003924" asserts="1" />
                  <test-case id="1006" name="GivenTwoSimilarStrings_WhenICalculateTheSimHashWithCharShingles_ThenIGetTheCorrectIndex" fullname="TextSimilarity.Tests.Extensions.SimHash.Set.SimHashExtensionTests.GivenTwoSimilarStrings_WhenICalculateTheSimHashWithCharShingles_ThenIGetTheCorrectIndex" methodname="GivenTwoSimilarStrings_WhenICalculateTheSimHashWithCharShingles_ThenIGetTheCorrectIndex" classname="TextSimilarity.Tests.Extensions.SimHash.Set.SimHashExtensionTests" runstate="Runnable" seed="99670039" result="Passed" start-time="2016-12-11 11:36:55Z" end-time="2016-12-11 11:36:55Z" duration="0.000325" asserts="1" />
                  <test-case id="1004" name="GivenTwoSimilarStrings_WhenICalculateTheSimHashWithWordShingles_ThenIGetTheCorrectIndex" fullname="TextSimilarity.Tests.Extensions.SimHash.Set.SimHashExtensionTests.GivenTwoSimilarStrings_WhenICalculateTheSimHashWithWordShingles_ThenIGetTheCorrectIndex" methodname="GivenTwoSimilarStrings_WhenICalculateTheSimHashWithWordShingles_ThenIGetTheCorrectIndex" classname="TextSimilarity.Tests.Extensions.SimHash.Set.SimHashExtensionTests" runstate="Runnable" seed="1615909442" result="Passed" start-time="2016-12-11 11:36:55Z" end-time="2016-12-11 11:36:55Z" duration="0.000330" asserts="1" />
                </test-suite>
              </test-suite>
            </test-suite>
            <test-suite type="TestSuite" id="1024" name="SorensenDiceCoefficient" fullname="TextSimilarity.Tests.Extensions.SorensenDiceCoefficient" runstate="Runnable" testcasecount="2" result="Passed" start-time="2016-12-11 11:36:55Z" end-time="2016-12-11 11:36:55Z" duration="0.001887" total="2" passed="2" failed="0" inconclusive="0" skipped="0" asserts="2">
              <test-suite type="TestSuite" id="1025" name="Set" fullname="TextSimilarity.Tests.Extensions.SorensenDiceCoefficient.Set" runstate="Runnable" testcasecount="2" result="Passed" start-time="2016-12-11 11:36:55Z" end-time="2016-12-11 11:36:55Z" duration="0.001811" total="2" passed="2" failed="0" inconclusive="0" skipped="0" asserts="2">
                <test-suite type="TestFixture" id="1000" name="SorensenDiceCoefficientExtensionTests" fullname="TextSimilarity.Tests.Extensions.SorensenDiceCoefficient.Set.SorensenDiceCoefficientExtensionTests" classname="TextSimilarity.Tests.Extensions.SorensenDiceCoefficient.Set.SorensenDiceCoefficientExtensionTests" runstate="Runnable" testcasecount="2" result="Passed" start-time="2016-12-11 11:36:55Z" end-time="2016-12-11 11:36:55Z" duration="0.001666" total="2" passed="2" failed="0" inconclusive="0" skipped="0" asserts="2">
                  <test-case id="1002" name="GivenTwoDistinctStrings_WhenICalculateDiceCoeffiecient_ThenIGetTheSimilarityIndex" fullname="TextSimilarity.Tests.Extensions.SorensenDiceCoefficient.Set.SorensenDiceCoefficientExtensionTests.GivenTwoDistinctStrings_WhenICalculateDiceCoeffiecient_ThenIGetTheSimilarityIndex" methodname="GivenTwoDistinctStrings_WhenICalculateDiceCoeffiecient_ThenIGetTheSimilarityIndex" classname="TextSimilarity.Tests.Extensions.SorensenDiceCoefficient.Set.SorensenDiceCoefficientExtensionTests" runstate="Runnable" seed="1510218198" result="Passed" start-time="2016-12-11 11:36:55Z" end-time="2016-12-11 11:36:55Z" duration="0.000406" asserts="1" />
                  <test-case id="1001" name="GivenTwoSimilarStrings_WhenICalculateDiceCoeffiecient_ThenIGetTheSimilarityIndex" fullname="TextSimilarity.Tests.Extensions.SorensenDiceCoefficient.Set.SorensenDiceCoefficientExtensionTests.GivenTwoSimilarStrings_WhenICalculateDiceCoeffiecient_ThenIGetTheSimilarityIndex" methodname="GivenTwoSimilarStrings_WhenICalculateDiceCoeffiecient_ThenIGetTheSimilarityIndex" classname="TextSimilarity.Tests.Extensions.SorensenDiceCoefficient.Set.SorensenDiceCoefficientExtensionTests" runstate="Runnable" seed="2116932707" result="Passed" start-time="2016-12-11 11:36:55Z" end-time="2016-12-11 11:36:55Z" duration="0.000156" asserts="1" />
                </test-suite>
              </test-suite>
            </test-suite>
          </test-suite>
        </test-suite>
      </test-suite>
    </test-suite>
  </test-run>
</test-run>