<?xml version="1.0" encoding="utf-8"?>
<test-run id="0" testcasecount="4" total="4" passed="4" failed="0" inconclusive="0" skipped="0" asserts="4" result="Passed" portable-engine-version="3.3.0.0" start-time="2016-12-09 13:36:38Z" end-time="2016-12-09 13:36:39Z" duration="1.330047">
  <test-run id="0" testcasecount="4" total="4" passed="4" failed="0" inconclusive="0" skipped="0" asserts="4" result="Passed" portable-engine-version="3.3.0.0" start-time="2016-12-09 13:36:39Z" end-time="2016-12-09 13:36:39Z" duration="0.848848">
    <test-suite type="Assembly" id="1007" name="TextSimilarity.Common.Tests, Version=1.0.0.0, Culture=neutral, PublicKeyToken=null" fullname="TextSimilarity.Common.Tests, Version=1.0.0.0, Culture=neutral, PublicKeyToken=null" runstate="Runnable" testcasecount="4" result="Passed" start-time="2016-12-09 13:36:39Z" end-time="2016-12-09 13:36:39Z" duration="0.477741" total="4" passed="4" failed="0" inconclusive="0" skipped="0" asserts="4">
      <settings>
        <setting name="WorkDirectory" value="C:\PROJECTDATA\IFRAMEWORX\TextSimilarity\TextSimilarity.Common.Tests" />
      </settings>
      <test-suite type="TestSuite" id="1008" name="TextSimilarity" fullname="TextSimilarity" runstate="Runnable" testcasecount="4" result="Passed" start-time="2016-12-09 13:36:39Z" end-time="2016-12-09 13:36:39Z" duration="0.445139" total="4" passed="4" failed="0" inconclusive="0" skipped="0" asserts="4">
        <test-suite type="TestSuite" id="1009" name="Common" fullname="TextSimilarity.Common" runstate="Runnable" testcasecount="4" result="Passed" start-time="2016-12-09 13:36:39Z" end-time="2016-12-09 13:36:39Z" duration="0.444360" total="4" passed="4" failed="0" inconclusive="0" skipped="0" asserts="4">
          <test-suite type="TestSuite" id="1010" name="Tests" fullname="TextSimilarity.Common.Tests" runstate="Runnable" testcasecount="4" result="Passed" start-time="2016-12-09 13:36:39Z" end-time="2016-12-09 13:36:39Z" duration="0.443691" total="4" passed="4" failed="0" inconclusive="0" skipped="0" asserts="4">
            <test-suite type="TestSuite" id="1011" name="Extensions" fullname="TextSimilarity.Common.Tests.Extensions" runstate="Runnable" testcasecount="4" result="Passed" start-time="2016-12-09 13:36:39Z" end-time="2016-12-09 13:36:39Z" duration="0.443147" total="4" passed="4" failed="0" inconclusive="0" skipped="0" asserts="4">
              <test-suite type="TestSuite" id="1012" name="String" fullname="TextSimilarity.Common.Tests.Extensions.String" runstate="Runnable" testcasecount="4" result="Passed" start-time="2016-12-09 13:36:39Z" end-time="2016-12-09 13:36:39Z" duration="0.442425" total="4" passed="4" failed="0" inconclusive="0" skipped="0" asserts="4">
                <test-suite type="TestFixture" id="1000" name="CharacterCountExtensionTests" fullname="TextSimilarity.Common.Tests.Extensions.String.CharacterCountExtensionTests" classname="TextSimilarity.Common.Tests.Extensions.String.CharacterCountExtensionTests" runstate="Runnable" testcasecount="1" result="Passed" start-time="2016-12-09 13:36:39Z" end-time="2016-12-09 13:36:39Z" duration="0.328636" total="1" passed="1" failed="0" inconclusive="0" skipped="0" asserts="1">
                  <test-case id="1001" name="CharacterCountTest" fullname="TextSimilarity.Common.Tests.Extensions.String.CharacterCountExtensionTests.CharacterCountTest" methodname="CharacterCountTest" classname="TextSimilarity.Common.Tests.Extensions.String.CharacterCountExtensionTests" runstate="Runnable" seed="387975250" result="Passed" start-time="2016-12-09 13:36:39Z" end-time="2016-12-09 13:36:39Z" duration="0.084431" asserts="1" />
                </test-suite>
                <test-suite type="TestFixture" id="1002" name="ShinglesExtensionTests" fullname="TextSimilarity.Common.Tests.Extensions.String.ShinglesExtensionTests" classname="TextSimilarity.Common.Tests.Extensions.String.ShinglesExtensionTests" runstate="Runnable" testcasecount="2" result="Passed" start-time="2016-12-09 13:36:39Z" end-time="2016-12-09 13:36:39Z" duration="0.071385" total="2" passed="2" failed="0" inconclusive="0" skipped="0" asserts="2">
                  <test-case id="1003" name="CharacterShinglesTest" fullname="TextSimilarity.Common.Tests.Extensions.String.ShinglesExtensionTests.CharacterShinglesTest" methodname="CharacterShinglesTest" classname="TextSimilarity.Common.Tests.Extensions.String.ShinglesExtensionTests" runstate="Runnable" seed="1366131849" result="Passed" start-time="2016-12-09 13:36:39Z" end-time="2016-12-09 13:36:39Z" duration="0.024175" asserts="1" />
                  <test-case id="1004" name="WordShinglesTest" fullname="TextSimilarity.Common.Tests.Extensions.String.ShinglesExtensionTests.WordShinglesTest" methodname="WordShinglesTest" classname="TextSimilarity.Common.Tests.Extensions.String.ShinglesExtensionTests" runstate="Runnable" seed="2103451509" result="Passed" start-time="2016-12-09 13:36:39Z" end-time="2016-12-09 13:36:39Z" duration="0.026604" asserts="1" />
                </test-suite>
                <test-suite type="TestFixture" id="1005" name="WordCountExtensionTests" fullname="TextSimilarity.Common.Tests.Extensions.String.WordCountExtensionTests" classname="TextSimilarity.Common.Tests.Extensions.String.WordCountExtensionTests" runstate="Runnable" testcasecount="1" result="Passed" start-time="2016-12-09 13:36:39Z" end-time="2016-12-09 13:36:39Z" duration="0.014858" total="1" passed="1" failed="0" inconclusive="0" skipped="0" asserts="1">
                  <test-case id="1006" name="WordCountTest" fullname="TextSimilarity.Common.Tests.Extensions.String.WordCountExtensionTests.WordCountTest" methodname="WordCountTest" classname="TextSimilarity.Common.Tests.Extensions.String.WordCountExtensionTests" runstate="Runnable" seed="1312965221" result="Passed" start-time="2016-12-09 13:36:39Z" end-time="2016-12-09 13:36:39Z" duration="0.003187" asserts="1" />
                </test-suite>
              </test-suite>
            </test-suite>
          </test-suite>
        </test-suite>
      </test-suite>
    </test-suite>
  </test-run>
</test-run>